<?xml version="1.0" encoding="UTF-8"?>
<!-- Generated by org.testng.reporters.JUnitXMLReporter -->
<testsuite ignored="11" hostname="LAPTOP-SANAMQNB" failures="0" tests="5" name="Default test" time="18.536" errors="0" timestamp="2025-07-23T23:50:54 AST">
  <testcase classname="Test.MyTestCases" name="addData" time="0.052"/>
  <testcase classname="Test.MyTestCases" name="updateData" time="0.019"/>
  <testcase classname="Test.MyTestCases" name="Calender" time="5.482"/>
  <testcase classname="Test.MyTestCases" name="deleteData" time="0.06"/>
  <testcase classname="Test.MyTestCases" name="TakeAscreenShot" time="4.504"/>
  <testcase classname="Test.MyTestCases" name="openWindow" time="0.0">
    <ignored/>
  </testcase> <!-- openWindow -->
  <testcase classname="Test.MyTestCases" name="theTable" time="0.0">
    <ignored/>
  </testcase> <!-- theTable -->
  <testcase classname="Test.MyTestCases" name="RadioButton" time="0.0">
    <ignored/>
  </testcase> <!-- RadioButton -->
  <testcase classname="Test.MyTestCases" name="DynamicDropDownList" time="0.0">
    <ignored/>
  </testcase> <!-- DynamicDropDownList -->
  <testcase classname="Test.MyTestCases" name="Select_Tag" time="0.0">
    <ignored/>
  </testcase> <!-- Select_Tag -->
  <testcase classname="Test.MyTestCases" name="openTab" time="0.0">
    <ignored/>
  </testcase> <!-- openTab -->
  <testcase classname="Test.MyTestCases" name="EnableAndDisable" time="0.0">
    <ignored/>
  </testcase> <!-- EnableAndDisable -->
  <testcase classname="Test.MyTestCases" name="HideAndShow" time="0.0">
    <ignored/>
  </testcase> <!-- HideAndShow -->
  <testcase classname="Test.MyTestCases" name="AlertAndConfirm" time="0.0">
    <ignored/>
  </testcase> <!-- AlertAndConfirm -->
  <testcase classname="Test.MyTestCases" name="CheckBox" time="0.0">
    <ignored/>
  </testcase> <!-- CheckBox -->
  <testcase classname="Test.MyTestCases" name="MouseHover" time="0.0">
    <ignored/>
  </testcase> <!-- MouseHover -->
</testsuite> <!-- Default test -->
